LOAD Config FILE CONF/navtex_transmition.conf


ClASS Created
filename_in - TEST/text_copy.txt
filename_out - TEST/Modulated.txt
--------------------------------------------------------

ALPHA init 
Modulator.modulated_buffer_alpha size = 6720
ALPHA 

ReadTEST\text.txt
Can't open input file 
Coder 
Coding.codered_buffer_1 size = 728
Modulator 
Modulator.modulated_buffer_1 size = 349440
ALPHA 
ALPHA 

ReadTEST\text.txt
Can't open input file 
Coder 
Coding.codered_buffer_1 size = 728
Modulator 
Modulator.modulated_buffer_1 size = 349440
ALPHA 

ReadTEST\text.txt
Can't open input file 
Coder 
Coding.codered_buffer_1 size = 728
Modulator 
Modulator.modulated_buffer_1 size = 349440
ALPHA 

ReadTEST\text.txt
Can't open input file 
Coder 
Coding.codered_buffer_1 size = 728
Modulator 
Modulator.modulated_buffer_1 size = 349440
ALPHA 
ALPHA 
ALPHA 
ALPHA 
ALPHA 
ALPHA 
ALPHA 
ALPHA 
ALPHA 
ALPHA 
ALPHA 
ALPHA 
ALPHA 
ALPHA 
ALPHA 
ALPHA 
ALPHA 
ALPHA 
ALPHA 
ALPHA 
ALPHA 
ALPHA 
ALPHA 
ALPHA 
ALPHA 
ALPHA 
ALPHA 
ALPHA 
ALPHA 
ALPHA 

ReadTEST/text.txt
Length of input file = 100
Coder 
Coding.codered_buffer_1 size = 2618
Modulator 
Modulator.modulated_buffer_1 size = 1256640

ReadTEST/text.txt
Length of input file = 100
Coder 
Coding.codered_buffer_1 size = 2646
Modulator 
Modulator.modulated_buffer_1 size = 1270080

ReadTEST/text.txt
Length of input file = 100
Coder 
Coding.codered_buffer_1 size = 2562
Modulator 
Modulator.modulated_buffer_1 size = 1229760

ReadTEST/text.txt
Length of input file = 100
Coder 
Coding.codered_buffer_1 size = 2688
Modulator 
Modulator.modulated_buffer_1 size = 1290240

ReadTEST/text.txt
Length of input file = 100
Coder 
Coding.codered_buffer_1 size = 2618
Modulator 
Modulator.modulated_buffer_1 size = 1256640

ReadTEST/text.txt
Length of input file = 100
Coder 
Coding.codered_buffer_1 size = 2688
Modulator 
Modulator.modulated_buffer_1 size = 1290240

ReadTEST/text.txt
Length of input file = 5
Coder 
Coding.codered_buffer_1 size = 826
Modulator 
Modulator.modulated_buffer_1 size = 396480

ReadTEST/text.txt
End of file
ALPHA 
ALPHA 
ALPHA 
ALPHA 
ALPHA 
ALPHA 
ALPHA 
ALPHA 
ALPHA 
ALPHA 
ALPHA 
ALPHA 
ALPHA 
ALPHA 
ALPHA 
ALPHA 
ALPHA 
ALPHA 
ALPHA 
ALPHA 
ALPHA 
ALPHA 
ALPHA 
ALPHA 
ALPHA 
ALPHA 
ALPHA 
ALPHA 
ALPHA 
ALPHA 
ALPHA 
ALPHA 
ALPHA 
ALPHA 
ALPHA 
ALPHA 
ALPHA 
ALPHA 
ALPHA 
ALPHA 
ALPHA 
ALPHA 
ALPHA 
ALPHA 
ALPHA 
ALPHA 
ALPHA 
ALPHA 
ALPHA 
ALPHA 
ALPHA 
ALPHA 
ALPHA 
ALPHA 
ALPHA 
ALPHA 
